This is pdfTeX, Version 3.141592653-2.6-1.40.26 (TeX Live 2024) (preloaded format=pdflatex 2025.1.16)  19 MAR 2025 15:33
entering extended mode
 restricted \write18 enabled.
 file:line:error style messages enabled.
 %&-line parsing enabled.
**c:/Users/bookn/Downloads/Senior-Thesis/Thesis/Thesis.tex
(c:/Users/bookn/Downloads/Senior-Thesis/Thesis/Thesis.tex
LaTeX2e <2024-11-01> patch level 1
L3 programming layer <2024-12-25>
(c:/texlive/2024/texmf-dist/tex/latex/base/article.cls
Document Class: article 2024/06/29 v1.4n Standard LaTeX document class
(c:/texlive/2024/texmf-dist/tex/latex/base/size10.clo
File: size10.clo 2024/06/29 v1.4n Standard LaTeX file (size option)
)
\c@part=\count196
\c@section=\count197
\c@subsection=\count198
\c@subsubsection=\count199
\c@paragraph=\count266
\c@subparagraph=\count267
\c@figure=\count268
\c@table=\count269
\abovecaptionskip=\skip49
\belowcaptionskip=\skip50
\bibindent=\dimen141
) (c:/texlive/2024/texmf-dist/tex/latex/base/inputenc.sty
Package: inputenc 2024/02/08 v1.3d Input encoding file
\inpenc@prehook=\toks17
\inpenc@posthook=\toks18
) (c:/texlive/2024/texmf-dist/tex/latex/tools/indentfirst.sty
Package: indentfirst 2023/07/02 v1.03 Indent first paragraph (DPC)
) (c:/texlive/2024/texmf-dist/tex/latex/amsmath/amsmath.sty
Package: amsmath 2024/11/05 v2.17t AMS math features
\@mathmargin=\skip51

For additional information on amsmath, use the `?' option.
(c:/texlive/2024/texmf-dist/tex/latex/amsmath/amstext.sty
Package: amstext 2021/08/26 v2.01 AMS text
 (c:/texlive/2024/texmf-dist/tex/latex/amsmath/amsgen.sty
File: amsgen.sty 1999/11/30 v2.0 generic functions
\@emptytoks=\toks19
\ex@=\dimen142
)) (c:/texlive/2024/texmf-dist/tex/latex/amsmath/amsbsy.sty
Package: amsbsy 1999/11/29 v1.2d Bold Symbols
\pmbraise@=\dimen143
) (c:/texlive/2024/texmf-dist/tex/latex/amsmath/amsopn.sty
Package: amsopn 2022/04/08 v2.04 operator names
)
\inf@bad=\count270
LaTeX Info: Redefining \frac on input line 233.
\uproot@=\count271
\leftroot@=\count272
LaTeX Info: Redefining \overline on input line 398.
LaTeX Info: Redefining \colon on input line 409.
\classnum@=\count273
\DOTSCASE@=\count274
LaTeX Info: Redefining \ldots on input line 495.
LaTeX Info: Redefining \dots on input line 498.
LaTeX Info: Redefining \cdots on input line 619.
\Mathstrutbox@=\box52
\strutbox@=\box53
LaTeX Info: Redefining \big on input line 721.
LaTeX Info: Redefining \Big on input line 722.
LaTeX Info: Redefining \bigg on input line 723.
LaTeX Info: Redefining \Bigg on input line 724.
\big@size=\dimen144
LaTeX Font Info:    Redeclaring font encoding OML on input line 742.
LaTeX Font Info:    Redeclaring font encoding OMS on input line 743.
\macc@depth=\count275
LaTeX Info: Redefining \bmod on input line 904.
LaTeX Info: Redefining \pmod on input line 909.
LaTeX Info: Redefining \smash on input line 939.
LaTeX Info: Redefining \relbar on input line 969.
LaTeX Info: Redefining \Relbar on input line 970.
\c@MaxMatrixCols=\count276
\dotsspace@=\muskip17
\c@parentequation=\count277
\dspbrk@lvl=\count278
\tag@help=\toks20
\row@=\count279
\column@=\count280
\maxfields@=\count281
\andhelp@=\toks21
\eqnshift@=\dimen145
\alignsep@=\dimen146
\tagshift@=\dimen147
\tagwidth@=\dimen148
\totwidth@=\dimen149
\lineht@=\dimen150
\@envbody=\toks22
\multlinegap=\skip52
\multlinetaggap=\skip53
\mathdisplay@stack=\toks23
LaTeX Info: Redefining \[ on input line 2953.
LaTeX Info: Redefining \] on input line 2954.
) (c:/texlive/2024/texmf-dist/tex/latex/graphics/graphicx.sty
Package: graphicx 2021/09/16 v1.2d Enhanced LaTeX Graphics (DPC,SPQR)
 (c:/texlive/2024/texmf-dist/tex/latex/graphics/keyval.sty
Package: keyval 2022/05/29 v1.15 key=value parser (DPC)
\KV@toks@=\toks24
) (c:/texlive/2024/texmf-dist/tex/latex/graphics/graphics.sty
Package: graphics 2024/08/06 v1.4g Standard LaTeX Graphics (DPC,SPQR)
 (c:/texlive/2024/texmf-dist/tex/latex/graphics/trig.sty
Package: trig 2023/12/02 v1.11 sin cos tan (DPC)
) (c:/texlive/2024/texmf-dist/tex/latex/graphics-cfg/graphics.cfg
File: graphics.cfg 2016/06/04 v1.11 sample graphics configuration
)
Package graphics Info: Driver file: pdftex.def on input line 106.
 (c:/texlive/2024/texmf-dist/tex/latex/graphics-def/pdftex.def
File: pdftex.def 2024/04/13 v1.2c Graphics/color driver for pdftex
))
\Gin@req@height=\dimen151
\Gin@req@width=\dimen152
) (c:/texlive/2024/texmf-dist/tex/latex/caption/subcaption.sty
Package: subcaption 2023/07/28 v1.6b Sub-captions (AR)
 (c:/texlive/2024/texmf-dist/tex/latex/caption/caption.sty
Package: caption 2023/08/05 v3.6o Customizing captions (AR)
 (c:/texlive/2024/texmf-dist/tex/latex/caption/caption3.sty
Package: caption3 2023/07/31 v2.4d caption3 kernel (AR)
\caption@tempdima=\dimen153
\captionmargin=\dimen154
\caption@leftmargin=\dimen155
\caption@rightmargin=\dimen156
\caption@width=\dimen157
\caption@indent=\dimen158
\caption@parindent=\dimen159
\caption@hangindent=\dimen160
Package caption Info: Standard document class detected.
)
\c@caption@flags=\count282
\c@continuedfloat=\count283
)
Package caption Info: New subtype `subfigure' on input line 238.
\c@subfigure=\count284
Package caption Info: New subtype `subtable' on input line 238.
\c@subtable=\count285
) (c:/texlive/2024/texmf-dist/tex/latex/placeins/placeins.sty
Package: placeins 2005/04/18  v 2.2
) (c:/texlive/2024/texmf-dist/tex/latex/tools/tabularx.sty
Package: tabularx 2023/12/11 v2.12a `tabularx' package (DPC)
 (c:/texlive/2024/texmf-dist/tex/latex/tools/array.sty
Package: array 2024/10/17 v2.6g Tabular extension package (FMi)
\col@sep=\dimen161
\ar@mcellbox=\box54
\extrarowheight=\dimen162
\NC@list=\toks25
\extratabsurround=\skip54
\backup@length=\skip55
\ar@cellbox=\box55
)
\TX@col@width=\dimen163
\TX@old@table=\dimen164
\TX@old@col=\dimen165
\TX@target=\dimen166
\TX@delta=\dimen167
\TX@cols=\count286
\TX@ftn=\toks26
) (c:/texlive/2024/texmf-dist/tex/latex/l3backend/l3backend-pdftex.def
File: l3backend-pdftex.def 2024-05-08 L3 backend support: PDF output (pdfTeX)
\l__color_backend_stack_int=\count287
\l__pdf_internal_box=\box56
) (./Thesis.aux)
\openout1 = `Thesis.aux'.

LaTeX Font Info:    Checking defaults for OML/cmm/m/it on input line 15.
LaTeX Font Info:    ... okay on input line 15.
LaTeX Font Info:    Checking defaults for OMS/cmsy/m/n on input line 15.
LaTeX Font Info:    ... okay on input line 15.
LaTeX Font Info:    Checking defaults for OT1/cmr/m/n on input line 15.
LaTeX Font Info:    ... okay on input line 15.
LaTeX Font Info:    Checking defaults for T1/cmr/m/n on input line 15.
LaTeX Font Info:    ... okay on input line 15.
LaTeX Font Info:    Checking defaults for TS1/cmr/m/n on input line 15.
LaTeX Font Info:    ... okay on input line 15.
LaTeX Font Info:    Checking defaults for OMX/cmex/m/n on input line 15.
LaTeX Font Info:    ... okay on input line 15.
LaTeX Font Info:    Checking defaults for U/cmr/m/n on input line 15.
LaTeX Font Info:    ... okay on input line 15.
 (c:/texlive/2024/texmf-dist/tex/context/base/mkii/supp-pdf.mkii
[Loading MPS to PDF converter (version 2006.09.02).]
\scratchcounter=\count288
\scratchdimen=\dimen168
\scratchbox=\box57
\nofMPsegments=\count289
\nofMParguments=\count290
\everyMPshowfont=\toks27
\MPscratchCnt=\count291
\MPscratchDim=\dimen169
\MPnumerator=\count292
\makeMPintoPDFobject=\count293
\everyMPtoPDFconversion=\toks28
) (c:/texlive/2024/texmf-dist/tex/latex/epstopdf-pkg/epstopdf-base.sty
Package: epstopdf-base 2020-01-24 v2.11 Base part for package epstopdf
Package epstopdf-base Info: Redefining graphics rule for `.eps' on input line 485.
 (c:/texlive/2024/texmf-dist/tex/latex/latexconfig/epstopdf-sys.cfg
File: epstopdf-sys.cfg 2010/07/13 v1.3 Configuration of (r)epstopdf for TeX Live
))
Package caption Info: Begin \AtBeginDocument code.
Package caption Info: End \AtBeginDocument code.
<Plots/fountain_1985_fig3.png, id=1, 316.18124pt x 380.92313pt>
File: Plots/fountain_1985_fig3.png Graphic file (type png)
<use Plots/fountain_1985_fig3.png>
Package pdftex.def Info: Plots/fountain_1985_fig3.png  used on input line 35.
(pdftex.def)             Requested size: 169.0519pt x 203.6727pt.
<Plots/fountain_1985_fig4.png, id=3, 307.1475pt x 259.7203pt>
File: Plots/fountain_1985_fig4.png Graphic file (type png)
<use Plots/fountain_1985_fig4.png>
Package pdftex.def Info: Plots/fountain_1985_fig4.png  used on input line 42.
(pdftex.def)             Requested size: 169.0519pt x 142.94965pt.


LaTeX Warning: `h' float specifier changed to `ht'.



[1

{c:/texlive/2024/texmf-var/fonts/map/pdftex/updmap/pdftex.map}]

[2 <./Plots/fountain_1985_fig3.png> <./Plots/fountain_1985_fig4.png>]

[3]
Overfull \hbox (5.87917pt too wide) in paragraph at lines 97--101
\OT1/cmr/m/n/10 moun-tain glaciers for mass bal-ance? I the-o-rize that if us-ing a sim-ple 1-dimensional
 []



pdfTeX warning: pdflatex.exe (file ./Plots/SouthCascadeGlacierMap.pdf): PDF inclusion: found PDF version <1.7>, but at most version <1.5> allowed
<Plots/SouthCascadeGlacierMap.pdf, id=21, 614.295pt x 614.295pt>
File: Plots/SouthCascadeGlacierMap.pdf Graphic file (type pdf)
<use Plots/SouthCascadeGlacierMap.pdf>
Package pdftex.def Info: Plots/SouthCascadeGlacierMap.pdf  used on input line 113.
(pdftex.def)             Requested size: 345.0pt x 345.0058pt.

LaTeX Warning: `!h' float specifier changed to `!ht'.



[4]

LaTeX Warning: `!h' float specifier changed to `!ht'.



[5 <./Plots/SouthCascadeGlacierMap.pdf>]

[6]
<Plots/1986_glacier_comparison.png, id=149, 419.166pt x 327.3831pt>
File: Plots/1986_glacier_comparison.png Graphic file (type png)
<use Plots/1986_glacier_comparison.png>
Package pdftex.def Info: Plots/1986_glacier_comparison.png  used on input line 180.
(pdftex.def)             Requested size: 169.0519pt x 132.03493pt.
<Plots/1958_glacier_comparison.png, id=150, 419.166pt x 327.3831pt>
File: Plots/1958_glacier_comparison.png Graphic file (type png)
<use Plots/1958_glacier_comparison.png>
Package pdftex.def Info: Plots/1958_glacier_comparison.png  used on input line 187.
(pdftex.def)             Requested size: 169.0519pt x 132.03493pt.


[7

 <./Plots/1986_glacier_comparison.png> <./Plots/1958_glacier_comparison.png>]

[8]
Overfull \hbox (0.42519pt too wide) detected at line 242
[]\OML/cmm/m/it/10 b[] \OT1/cmr/m/n/10 = \OML/cmm/m/it/10 p \OMS/cmsy/m/n/10 ^^C \OML/cmm/m/it/10  \OMS/cmsy/m/n/10 ^^C \OT1/cmr/m/n/10 ([][] + ((\OML/cmm/m/it/10 y \OMS/cmsy/m/n/10 ^^@ \OT1/cmr/m/n/10 1984)\OML/cmm/m/it/10 =\OT1/cmr/m/n/10 (2024 \OMS/cmsy/m/n/10 ^^@ \OT1/cmr/m/n/10 1984)) \OMS/cmsy/m/n/10 ^^C \OT1/cmr/m/n/10 ([][] \OMS/cmsy/m/n/10 ^^@ [][]\OT1/cmr/m/n/10 ))
 []



[9]
<Plots/2021_glacier_comparison.png, id=165, 419.166pt x 327.3831pt>
File: Plots/2021_glacier_comparison.png Graphic file (type png)
<use Plots/2021_glacier_comparison.png>
Package pdftex.def Info: Plots/2021_glacier_comparison.png  used on input line 286.
(pdftex.def)             Requested size: 345.0pt x 269.45996pt.


LaTeX Warning: `!h' float specifier changed to `!ht'.



[10]
<Plots/model_run_1984_2024.png, id=169, 411.2163pt x 298.4751pt>
File: Plots/model_run_1984_2024.png Graphic file (type png)
<use Plots/model_run_1984_2024.png>
Package pdftex.def Info: Plots/model_run_1984_2024.png  used on input line 293.
(pdftex.def)             Requested size: 345.0pt x 250.42589pt.


LaTeX Warning: `!h' float specifier changed to `!ht'.



[11 <./Plots/2021_glacier_comparison.png>]

[12 <./Plots/model_run_1984_2024.png>]
c:/Users/bookn/Downloads/Senior-Thesis/Thesis/Thesis.tex:301: Missing $ inserted.
<inserted text> 
                $
l.301 ... oggm library. This model run used GSWP3_
                                                  W5E5 historical temperatur...
I've inserted a begin-math/end-math symbol since I think
you left one out. Proceed, with fingers crossed.

c:/Users/bookn/Downloads/Senior-Thesis/Thesis/Thesis.tex:305: Missing $ inserted.
<inserted text> 
                $
l.305 
      
I've inserted a begin-math/end-math symbol since I think
you left one out. Proceed, with fingers crossed.


Overfull \hbox (111.19153pt too wide) in paragraph at lines 301--305
\OT1/cmr/m/n/10 GSWP3$[]5\OML/cmm/m/it/10 E\OT1/cmr/m/n/10 5\OML/cmm/m/it/10 historicaltemperatureandprecipitationdatatomodelthehydrologyoftheglacierfrom\OT1/cmr/m/n/10 1984 \OMS/cmsy/m/n/10 ^^@
 []


Overfull \hbox (1033.14543pt too wide) in paragraph at lines 301--305
\OT1/cmr/m/n/10 2019\OML/cmm/m/it/10 :UsingtheoutputofthismodelIwasabletocalculatethetotalrunofffromtheglacierusingthemelt[]on[]glacier[]monthly; snowmelt[]on[]glacier[]monthlyandliq[]precip[]on[]glacier[]monthlyvariables:TheMSEoftheOGGMmodelandmymodelis\OT1/cmr/m/n/10 5\OML/cmm/m/it/10 :\OT1/cmr/m/n/10 31%\OML/cmm/m/it/10 andtheMSEoftheOGGMmodelandthemeasuredrunoffdatais\OT1/cmr/m/n/10 3\OML/cmm/m/it/10 :\OT1/cmr/m/n/10 93%\OML/cmm/m/it/10 :$ 
 []

<Plots/calc_vs_measured.png, id=178, 587.5551pt x 406.1574pt>
File: Plots/calc_vs_measured.png Graphic file (type png)
<use Plots/calc_vs_measured.png>
Package pdftex.def Info: Plots/calc_vs_measured.png  used on input line 323.
(pdftex.def)             Requested size: 345.0pt x 238.49045pt.

LaTeX Warning: `!h' float specifier changed to `!ht'.



[13

]
c:/Users/bookn/Downloads/Senior-Thesis/Thesis/Thesis.tex:330: Missing $ inserted.
<inserted text> 
                $
l.330 ...IA-Mass Balance model. It used the GSWP3_
                                                  W5E5 (confirm this) climat...
I've inserted a begin-math/end-math symbol since I think
you left one out. Proceed, with fingers crossed.


c:/Users/bookn/Downloads/Senior-Thesis/Thesis/Thesis.tex:332: LaTeX Error: Not in outer par mode.

See the LaTeX manual or LaTeX Companion for explanation.
Type  H <return>  for immediate help.
 ...                                              
                                                  
l.332 \begin{figure}[h!]
                        
You've lost some text.  Try typing  <return>  to proceed.
If that doesn't work, type  X <return>  to quit.

c:/Users/bookn/Downloads/Senior-Thesis/Thesis/Thesis.tex:332: Undefined control sequence.
\caption@ORI@xfloat ... \global \setbox \@currbox 
                                                  \color@vbox \normalcolor \...
l.332 \begin{figure}[h!]
                        
The control sequence at the end of the top line
of your error message was never \def'ed. If you have
misspelled it (e.g., `\hobx'), type `I' and the correct
spelling (e.g., `I\hbox'). Otherwise just continue,
and I'll forget about whatever was undefined.

c:/Users/bookn/Downloads/Senior-Thesis/Thesis/Thesis.tex:332: Missing number, treated as zero.
<to be read again> 
                   \vbox 
l.332 \begin{figure}[h!]
                        
A number should have been here; I inserted `0'.
(If you can't figure out why I needed to see a number,
look up `weird error' in the index to The TeXbook.)

<Plots/oggm_vs_measured.png, id=183, 602.0091pt x 420.6114pt>
File: Plots/oggm_vs_measured.png Graphic file (type png)
<use Plots/oggm_vs_measured.png>
Package pdftex.def Info: Plots/oggm_vs_measured.png  used on input line 334.
(pdftex.def)             Requested size: 345.0pt x 241.04742pt.
c:/Users/bookn/Downloads/Senior-Thesis/Thesis/Thesis.tex:338: Missing $ inserted.
<inserted text> 
                $
l.338 \FloatBarrier
                   
I've inserted a begin-math/end-math symbol since I think
you left one out. Proceed, with fingers crossed.


Overfull \hbox (340.88249pt too wide) in paragraph at lines 329--338
\OT1/cmr/m/n/10 the GSWP3$[]5\OML/cmm/m/it/10 E\OT1/cmr/m/n/10 5(\OML/cmm/m/it/10 confirmthis\OT1/cmr/m/n/10 )\OML/cmm/m/it/10 climatemodeleddatawhichgoesbackto\OT1/cmr/m/n/10 1970(\OML/cmm/m/it/10 checkthis\OT1/cmr/m/n/10 )\OML/cmm/m/it/10 :Ithadameansquarederrorof\OT1/cmr/m/n/10 3\OML/cmm/m/it/10 :\OT1/cmr/m/n/10 22%\OML/cmm/m/it/10 foralloftherunoffdatafrom\OT1/cmr/m/n/10 1992 \OMS/cmsy/m/n/10 ^^@
 []



[14 <./Plots/calc_vs_measured.png>]

[15]

[16] (./Thesis.aux)
 ***********
LaTeX2e <2024-11-01> patch level 1
L3 programming layer <2024-12-25>
 ***********


LaTeX Warning: Label(s) may have changed. Rerun to get cross-references right.

 ) 
Here is how much of TeX's memory you used:
 3775 strings out of 473207
 65111 string characters out of 5720461
 461018 words of memory out of 5000000
 27012 multiletter control sequences out of 15000+600000
 564519 words of font info for 56 fonts, out of 8000000 for 9000
 1141 hyphenation exceptions out of 8191
 67i,14n,77p,349b,495s stack positions out of 10000i,1000n,20000p,200000b,200000s
<c:/texlive/2024/texmf-dist/fonts/type1/public/amsfonts/cm/cmbx10.pfb><c:/texlive/2024/texmf-dist/fonts/type1/public/amsfonts/cm/cmbx12.pfb><c:/texlive/2024/texmf-dist/fonts/type1/public/amsfonts/cm/cmex10.pfb><c:/texlive/2024/texmf-dist/fonts/type1/public/amsfonts/cm/cmmi10.pfb><c:/texlive/2024/texmf-dist/fonts/type1/public/amsfonts/cm/cmmi5.pfb><c:/texlive/2024/texmf-dist/fonts/type1/public/amsfonts/cm/cmmi7.pfb><c:/texlive/2024/texmf-dist/fonts/type1/public/amsfonts/cm/cmr10.pfb><c:/texlive/2024/texmf-dist/fonts/type1/public/amsfonts/cm/cmr17.pfb><c:/texlive/2024/texmf-dist/fonts/type1/public/amsfonts/cm/cmr7.pfb><c:/texlive/2024/texmf-dist/fonts/type1/public/amsfonts/cm/cmr9.pfb><c:/texlive/2024/texmf-dist/fonts/type1/public/amsfonts/cm/cmsy10.pfb><c:/texlive/2024/texmf-dist/fonts/type1/public/amsfonts/cm/cmsy7.pfb>
Output written on Thesis.pdf (16 pages, 2229620 bytes).
PDF statistics:
 245 PDF objects out of 1000 (max. 8388607)
 166 compressed objects within 2 object streams
 0 named destinations out of 1000 (max. 500000)
 46 words of extra memory for PDF output out of 10000 (max. 10000000)

