\BOOKMARK [1][-]{section.1}{\376\377\000I\000n\000t\000r\000o\000d\000u\000c\000t\000i\000o\000n}{}% 1
\BOOKMARK [2][-]{subsection.1.1}{\376\377\000I\000m\000p\000o\000r\000t\000a\000n\000c\000e\000\040\000o\000f\000\040\000G\000l\000a\000c\000i\000a\000l\000\040\000M\000e\000l\000t\000i\000n\000g\000\040\000i\000n\000\040\000M\000o\000u\000n\000t\000a\000i\000n\000\040\000H\000y\000d\000r\000o\000l\000o\000g\000y}{section.1}% 2
\BOOKMARK [2][-]{subsection.1.2}{\376\377\000R\000o\000l\000e\000\040\000o\000f\000\040\000N\000u\000m\000e\000r\000i\000c\000a\000l\000\040\000M\000o\000d\000e\000l\000i\000n\000g\000\040\000i\000n\000\040\000U\000n\000d\000e\000r\000s\000t\000a\000n\000d\000i\000n\000g\000\040\000G\000l\000a\000c\000i\000a\000l\000\040\000R\000u\000n\000o\000f\000f}{section.1}% 3
\BOOKMARK [2][-]{subsection.1.3}{\376\377\000C\000h\000a\000l\000l\000e\000n\000g\000e\000s\000\040\000i\000n\000\040\000C\000o\000m\000p\000u\000t\000a\000t\000i\000o\000n\000a\000l\000\040\000M\000o\000d\000e\000l\000i\000n\000g\000\040\000o\000f\000\040\000G\000l\000a\000c\000i\000e\000r\000s}{section.1}% 4
\BOOKMARK [1][-]{section.2}{\376\377\000L\000i\000t\000e\000r\000a\000t\000u\000r\000e\000\040\000R\000e\000v\000i\000e\000w}{}% 5
\BOOKMARK [2][-]{subsection.2.1}{\376\377\000P\000r\000i\000o\000r\000\040\000R\000e\000s\000e\000a\000r\000c\000h\000\040\000o\000n\000\040\000S\000I\000A\000\040\000v\000s\000.\000\040\000S\000t\000o\000k\000e\000s\000\040\000M\000o\000d\000e\000l\000s}{section.2}% 6
\BOOKMARK [2][-]{subsection.2.2}{\376\377\000A\000p\000p\000l\000y\000i\000n\000g\000\040\000S\000I\000A\000\040\000M\000o\000d\000e\000l\000s\000\040\000t\000o\000\040\000A\000l\000p\000i\000n\000e\000\040\000G\000l\000a\000c\000i\000e\000r\000s}{section.2}% 7
\BOOKMARK [2][-]{subsection.2.3}{\376\377\000A\000p\000p\000l\000y\000i\000n\000g\000\040\000S\000I\000A\000\040\000M\000o\000d\000e\000l\000s\000\040\000t\000o\000\040\000G\000l\000a\000c\000i\000a\000l\000\040\000R\000u\000n\000o\000f\000f}{section.2}% 8
\BOOKMARK [1][-]{section.3}{\376\377\000T\000h\000e\000s\000i\000s\000\040\000Q\000u\000e\000s\000t\000i\000o\000n}{}% 9
\BOOKMARK [2][-]{subsection.3.1}{\376\377\000S\000t\000u\000d\000y\000\040\000S\000i\000t\000e\000:\000\040\000S\000o\000u\000t\000h\000\040\000C\000a\000s\000c\000a\000d\000e\000\040\000G\000l\000a\000c\000i\000e\000r\000,\000\040\000W\000a\000s\000h\000i\000n\000g\000t\000o\000n\000\040\000S\000t\000a\000t\000e}{section.3}% 10
\BOOKMARK [1][-]{section.4}{\376\377\000M\000e\000t\000h\000o\000d\000s}{}% 11
\BOOKMARK [2][-]{subsection.4.1}{\376\377\000M\000o\000d\000e\000l\000\040\000D\000e\000v\000e\000l\000o\000p\000m\000e\000n\000t}{section.4}% 12
\BOOKMARK [3][-]{subsubsection.4.1.1}{\376\377\000M\000o\000d\000e\000l\000\040\000O\000v\000e\000r\000v\000i\000e\000w}{subsection.4.1}% 13
\BOOKMARK [3][-]{subsubsection.4.1.2}{\376\377\000S\000p\000i\000n\000u\000p\000\040\000R\000u\000n}{subsection.4.1}% 14
\BOOKMARK [3][-]{subsubsection.4.1.3}{\376\377\000D\000a\000t\000a\000\040\000D\000r\000i\000v\000e\000n\000\040\000R\000u\000n\000\040\000S\000e\000t\000u\000p}{subsection.4.1}% 15
\BOOKMARK [3][-]{subsubsection.4.1.4}{\376\377\000I\000c\000e\000\040\000D\000y\000n\000a\000m\000i\000c\000s}{subsection.4.1}% 16
\BOOKMARK [3][-]{subsubsection.4.1.5}{\376\377\000M\000a\000s\000s\000\040\000B\000a\000l\000a\000n\000c\000e\000\040\000M\000o\000d\000e\000l}{subsection.4.1}% 17
\BOOKMARK [3][-]{subsubsection.4.1.6}{\376\377\000P\000r\000e\000c\000i\000p\000i\000t\000a\000t\000i\000o\000n\000\040\000M\000o\000d\000e\000l}{subsection.4.1}% 18
\BOOKMARK [3][-]{subsubsection.4.1.7}{\376\377\000G\000l\000a\000c\000i\000a\000l\000\040\000M\000e\000l\000t\000\040\000M\000o\000d\000e\000l}{subsection.4.1}% 19
\BOOKMARK [2][-]{subsection.4.2}{\376\377\000M\000o\000d\000e\000l\000\040\000C\000a\000l\000i\000b\000r\000a\000t\000i\000o\000n}{section.4}% 20
\BOOKMARK [3][-]{subsubsection.4.2.1}{\376\377\000D\000a\000t\000a\000\040\000U\000s\000e\000d\000\040\000f\000o\000r\000\040\000M\000o\000d\000e\000l}{subsection.4.2}% 21
\BOOKMARK [3][-]{subsubsection.4.2.2}{\376\377\000C\000a\000l\000i\000b\000r\000a\000t\000i\000o\000n}{subsection.4.2}% 22
\BOOKMARK [3][-]{subsubsection.4.2.3}{\376\377\000M\000o\000d\000e\000l\000\040\000C\000o\000m\000p\000a\000r\000i\000s\000o\000n}{subsection.4.2}% 23
\BOOKMARK [1][-]{section.5}{\376\377\000R\000e\000s\000u\000l\000t\000s}{}% 24
\BOOKMARK [2][-]{subsection.5.1}{\376\377\000A\000c\000c\000u\000r\000a\000c\000y\000\040\000o\000f\000\040\000S\000I\000A\000\040\000M\000o\000d\000e\000l}{section.5}% 25
\BOOKMARK [2][-]{subsection.5.2}{\376\377\000A\000c\000c\000u\000r\000a\000c\000y\000\040\000o\000f\000\040\000O\000G\000G\000M}{section.5}% 26
\BOOKMARK [1][-]{section.6}{\376\377\000D\000i\000s\000c\000u\000s\000s\000i\000o\000n}{}% 27
\BOOKMARK [2][-]{subsection.6.1}{\376\377\000C\000o\000m\000p\000a\000r\000i\000s\000o\000n\000\040\000o\000f\000\040\000M\000o\000d\000e\000l\000\040\000A\000c\000c\000u\000r\000a\000c\000i\000e\000s}{section.6}% 28
\BOOKMARK [2][-]{subsection.6.2}{\376\377\000S\000p\000i\000n\000u\000p\000\040\000M\000o\000d\000e\000l\000\040\000E\000r\000r\000o\000r}{section.6}% 29
\BOOKMARK [2][-]{subsection.6.3}{\376\377\000M\000a\000s\000s\000\040\000B\000a\000l\000a\000n\000c\000e\000\040\000M\000o\000d\000e\000l\000\040\000E\000r\000r\000o\000r}{section.6}% 30
\BOOKMARK [2][-]{subsection.6.4}{\376\377\000R\000u\000n\000o\000f\000f\000\040\000M\000o\000d\000e\000l\000\040\000E\000r\000r\000o\000r}{section.6}% 31
\BOOKMARK [2][-]{subsection.6.5}{\376\377\000I\000n\000t\000e\000r\000p\000r\000e\000t\000a\000t\000i\000o\000n\000s\000\040\000o\000f\000\040\000M\000o\000d\000e\000l\000\040\000R\000e\000s\000u\000l\000t\000s}{section.6}% 32
\BOOKMARK [2][-]{subsection.6.6}{\376\377\000O\000v\000e\000r\000a\000l\000l\000\040\000M\000o\000d\000e\000l\000\040\000P\000e\000r\000f\000o\000r\000m\000a\000n\000c\000e}{section.6}% 33
\BOOKMARK [2][-]{subsection.6.7}{\376\377\000I\000m\000p\000l\000i\000c\000a\000t\000i\000o\000n\000s\000\040\000o\000f\000\040\000R\000e\000s\000e\000a\000r\000c\000h}{section.6}% 34
\BOOKMARK [3][-]{subsubsection.6.7.1}{\376\377\000I\000m\000p\000o\000r\000t\000a\000n\000c\000e\000\040\000o\000f\000\040\000S\000i\000m\000p\000l\000i\000f\000i\000e\000d\000\040\000I\000c\000e\000\040\000D\000y\000n\000a\000m\000i\000c\000s\000\040\000i\000n\000\040\000N\000u\000m\000e\000r\000i\000c\000a\000l\000\040\000G\000l\000a\000c\000i\000e\000r\000\040\000M\000o\000d\000e\000l\000i\000n\000g}{subsection.6.7}% 35
\BOOKMARK [3][-]{subsubsection.6.7.2}{\376\377\000A\000p\000p\000l\000i\000c\000a\000t\000i\000o\000n\000s}{subsection.6.7}% 36
\BOOKMARK [1][-]{section.7}{\376\377\000F\000u\000t\000u\000r\000e\000\040\000W\000o\000r\000k}{}% 37
\BOOKMARK [1][-]{section.8}{\376\377\000C\000o\000n\000c\000l\000u\000s\000i\000o\000n}{}% 38
