This is pdfTeX, Version 3.141592653-2.6-1.40.26 (TeX Live 2024) (preloaded format=pdflatex 2025.1.16)  20 APR 2025 19:52
entering extended mode
 restricted \write18 enabled.
 file:line:error style messages enabled.
 %&-line parsing enabled.
**c:/Users/bookn/Downloads/Senior-Thesis/Thesis/Thesis.tex
(c:/Users/bookn/Downloads/Senior-Thesis/Thesis/Thesis.tex
LaTeX2e <2024-11-01> patch level 1
L3 programming layer <2024-12-25>
(c:/texlive/2024/texmf-dist/tex/latex/base/article.cls
Document Class: article 2024/06/29 v1.4n Standard LaTeX document class
(c:/texlive/2024/texmf-dist/tex/latex/base/size10.clo
File: size10.clo 2024/06/29 v1.4n Standard LaTeX file (size option)
)
\c@part=\count196
\c@section=\count197
\c@subsection=\count198
\c@subsubsection=\count199
\c@paragraph=\count266
\c@subparagraph=\count267
\c@figure=\count268
\c@table=\count269
\abovecaptionskip=\skip49
\belowcaptionskip=\skip50
\bibindent=\dimen141
) (c:/texlive/2024/texmf-dist/tex/latex/base/inputenc.sty
Package: inputenc 2024/02/08 v1.3d Input encoding file
\inpenc@prehook=\toks17
\inpenc@posthook=\toks18
) (c:/texlive/2024/texmf-dist/tex/latex/tools/indentfirst.sty
Package: indentfirst 2023/07/02 v1.03 Indent first paragraph (DPC)
) (c:/texlive/2024/texmf-dist/tex/latex/amsmath/amsmath.sty
Package: amsmath 2024/11/05 v2.17t AMS math features
\@mathmargin=\skip51

For additional information on amsmath, use the `?' option.
(c:/texlive/2024/texmf-dist/tex/latex/amsmath/amstext.sty
Package: amstext 2021/08/26 v2.01 AMS text
 (c:/texlive/2024/texmf-dist/tex/latex/amsmath/amsgen.sty
File: amsgen.sty 1999/11/30 v2.0 generic functions
\@emptytoks=\toks19
\ex@=\dimen142
)) (c:/texlive/2024/texmf-dist/tex/latex/amsmath/amsbsy.sty
Package: amsbsy 1999/11/29 v1.2d Bold Symbols
\pmbraise@=\dimen143
) (c:/texlive/2024/texmf-dist/tex/latex/amsmath/amsopn.sty
Package: amsopn 2022/04/08 v2.04 operator names
)
\inf@bad=\count270
LaTeX Info: Redefining \frac on input line 233.
\uproot@=\count271
\leftroot@=\count272
LaTeX Info: Redefining \overline on input line 398.
LaTeX Info: Redefining \colon on input line 409.
\classnum@=\count273
\DOTSCASE@=\count274
LaTeX Info: Redefining \ldots on input line 495.
LaTeX Info: Redefining \dots on input line 498.
LaTeX Info: Redefining \cdots on input line 619.
\Mathstrutbox@=\box52
\strutbox@=\box53
LaTeX Info: Redefining \big on input line 721.
LaTeX Info: Redefining \Big on input line 722.
LaTeX Info: Redefining \bigg on input line 723.
LaTeX Info: Redefining \Bigg on input line 724.
\big@size=\dimen144
LaTeX Font Info:    Redeclaring font encoding OML on input line 742.
LaTeX Font Info:    Redeclaring font encoding OMS on input line 743.
\macc@depth=\count275
LaTeX Info: Redefining \bmod on input line 904.
LaTeX Info: Redefining \pmod on input line 909.
LaTeX Info: Redefining \smash on input line 939.
LaTeX Info: Redefining \relbar on input line 969.
LaTeX Info: Redefining \Relbar on input line 970.
\c@MaxMatrixCols=\count276
\dotsspace@=\muskip17
\c@parentequation=\count277
\dspbrk@lvl=\count278
\tag@help=\toks20
\row@=\count279
\column@=\count280
\maxfields@=\count281
\andhelp@=\toks21
\eqnshift@=\dimen145
\alignsep@=\dimen146
\tagshift@=\dimen147
\tagwidth@=\dimen148
\totwidth@=\dimen149
\lineht@=\dimen150
\@envbody=\toks22
\multlinegap=\skip52
\multlinetaggap=\skip53
\mathdisplay@stack=\toks23
LaTeX Info: Redefining \[ on input line 2953.
LaTeX Info: Redefining \] on input line 2954.
) (c:/texlive/2024/texmf-dist/tex/latex/graphics/graphicx.sty
Package: graphicx 2021/09/16 v1.2d Enhanced LaTeX Graphics (DPC,SPQR)
 (c:/texlive/2024/texmf-dist/tex/latex/graphics/keyval.sty
Package: keyval 2022/05/29 v1.15 key=value parser (DPC)
\KV@toks@=\toks24
) (c:/texlive/2024/texmf-dist/tex/latex/graphics/graphics.sty
Package: graphics 2024/08/06 v1.4g Standard LaTeX Graphics (DPC,SPQR)
 (c:/texlive/2024/texmf-dist/tex/latex/graphics/trig.sty
Package: trig 2023/12/02 v1.11 sin cos tan (DPC)
) (c:/texlive/2024/texmf-dist/tex/latex/graphics-cfg/graphics.cfg
File: graphics.cfg 2016/06/04 v1.11 sample graphics configuration
)
Package graphics Info: Driver file: pdftex.def on input line 106.
 (c:/texlive/2024/texmf-dist/tex/latex/graphics-def/pdftex.def
File: pdftex.def 2024/04/13 v1.2c Graphics/color driver for pdftex
))
\Gin@req@height=\dimen151
\Gin@req@width=\dimen152
) (c:/texlive/2024/texmf-dist/tex/latex/caption/subcaption.sty
Package: subcaption 2023/07/28 v1.6b Sub-captions (AR)
 (c:/texlive/2024/texmf-dist/tex/latex/caption/caption.sty
Package: caption 2023/08/05 v3.6o Customizing captions (AR)
 (c:/texlive/2024/texmf-dist/tex/latex/caption/caption3.sty
Package: caption3 2023/07/31 v2.4d caption3 kernel (AR)
\caption@tempdima=\dimen153
\captionmargin=\dimen154
\caption@leftmargin=\dimen155
\caption@rightmargin=\dimen156
\caption@width=\dimen157
\caption@indent=\dimen158
\caption@parindent=\dimen159
\caption@hangindent=\dimen160
Package caption Info: Standard document class detected.
)
\c@caption@flags=\count282
\c@continuedfloat=\count283
)
Package caption Info: New subtype `subfigure' on input line 238.
\c@subfigure=\count284
Package caption Info: New subtype `subtable' on input line 238.
\c@subtable=\count285
) (c:/texlive/2024/texmf-dist/tex/latex/placeins/placeins.sty
Package: placeins 2005/04/18  v 2.2
) (c:/texlive/2024/texmf-dist/tex/latex/tools/tabularx.sty
Package: tabularx 2023/12/11 v2.12a `tabularx' package (DPC)
 (c:/texlive/2024/texmf-dist/tex/latex/tools/array.sty
Package: array 2024/10/17 v2.6g Tabular extension package (FMi)
\col@sep=\dimen161
\ar@mcellbox=\box54
\extrarowheight=\dimen162
\NC@list=\toks25
\extratabsurround=\skip54
\backup@length=\skip55
\ar@cellbox=\box55
)
\TX@col@width=\dimen163
\TX@old@table=\dimen164
\TX@old@col=\dimen165
\TX@target=\dimen166
\TX@delta=\dimen167
\TX@cols=\count286
\TX@ftn=\toks26
) (c:/texlive/2024/texmf-dist/tex/latex/enumitem/enumitem.sty
Package: enumitem 2019/06/20 v3.9 Customized lists
\labelindent=\skip56
\enit@outerparindent=\dimen168
\enit@toks=\toks27
\enit@inbox=\box56
\enit@count@id=\count287
\enitdp@description=\count288
) (c:/texlive/2024/texmf-dist/tex/latex/base/textcomp.sty
Package: textcomp 2024/04/24 v2.1b Standard LaTeX package
) (c:/texlive/2024/texmf-dist/tex/latex/l3backend/l3backend-pdftex.def
File: l3backend-pdftex.def 2024-05-08 L3 backend support: PDF output (pdfTeX)
\l__color_backend_stack_int=\count289
\l__pdf_internal_box=\box57
) (./Thesis.aux)
\openout1 = `Thesis.aux'.

LaTeX Font Info:    Checking defaults for OML/cmm/m/it on input line 17.
LaTeX Font Info:    ... okay on input line 17.
LaTeX Font Info:    Checking defaults for OMS/cmsy/m/n on input line 17.
LaTeX Font Info:    ... okay on input line 17.
LaTeX Font Info:    Checking defaults for OT1/cmr/m/n on input line 17.
LaTeX Font Info:    ... okay on input line 17.
LaTeX Font Info:    Checking defaults for T1/cmr/m/n on input line 17.
LaTeX Font Info:    ... okay on input line 17.
LaTeX Font Info:    Checking defaults for TS1/cmr/m/n on input line 17.
LaTeX Font Info:    ... okay on input line 17.
LaTeX Font Info:    Checking defaults for OMX/cmex/m/n on input line 17.
LaTeX Font Info:    ... okay on input line 17.
LaTeX Font Info:    Checking defaults for U/cmr/m/n on input line 17.
LaTeX Font Info:    ... okay on input line 17.
 (c:/texlive/2024/texmf-dist/tex/context/base/mkii/supp-pdf.mkii
[Loading MPS to PDF converter (version 2006.09.02).]
\scratchcounter=\count290
\scratchdimen=\dimen169
\scratchbox=\box58
\nofMPsegments=\count291
\nofMParguments=\count292
\everyMPshowfont=\toks28
\MPscratchCnt=\count293
\MPscratchDim=\dimen170
\MPnumerator=\count294
\makeMPintoPDFobject=\count295
\everyMPtoPDFconversion=\toks29
) (c:/texlive/2024/texmf-dist/tex/latex/epstopdf-pkg/epstopdf-base.sty
Package: epstopdf-base 2020-01-24 v2.11 Base part for package epstopdf
Package epstopdf-base Info: Redefining graphics rule for `.eps' on input line 485.
 (c:/texlive/2024/texmf-dist/tex/latex/latexconfig/epstopdf-sys.cfg
File: epstopdf-sys.cfg 2010/07/13 v1.3 Configuration of (r)epstopdf for TeX Live
))
Package caption Info: Begin \AtBeginDocument code.
Package caption Info: End \AtBeginDocument code.
<Plots/fountain_1985_fig3.png, id=1, 316.18124pt x 380.92313pt>
File: Plots/fountain_1985_fig3.png Graphic file (type png)
<use Plots/fountain_1985_fig3.png>
Package pdftex.def Info: Plots/fountain_1985_fig3.png  used on input line 36.
(pdftex.def)             Requested size: 169.0519pt x 203.6727pt.
<Plots/fountain_1985_fig4.png, id=3, 307.1475pt x 259.7203pt>
File: Plots/fountain_1985_fig4.png Graphic file (type png)
<use Plots/fountain_1985_fig4.png>
Package pdftex.def Info: Plots/fountain_1985_fig4.png  used on input line 43.
(pdftex.def)             Requested size: 169.0519pt x 142.94965pt.


LaTeX Warning: `h' float specifier changed to `ht'.



[1

{c:/texlive/2024/texmf-var/fonts/map/pdftex/updmap/pdftex.map}]

[2 <./Plots/fountain_1985_fig3.png> <./Plots/fountain_1985_fig4.png>]

[3]
Overfull \hbox (2.71251pt too wide) in paragraph at lines 100--104
\OT1/cmr/m/n/10 moun-tain glaciers for wa-ter runoff? I the-o-rize that if us-ing a sim-ple 1-dimensional
 []



pdfTeX warning: pdflatex.exe (file ./Plots/SouthCascadeGlacierMap.pdf): PDF inclusion: found PDF version <1.7>, but at most version <1.5> allowed
<Plots/SouthCascadeGlacierMap.pdf, id=21, 614.295pt x 614.295pt>
File: Plots/SouthCascadeGlacierMap.pdf Graphic file (type pdf)
<use Plots/SouthCascadeGlacierMap.pdf>
Package pdftex.def Info: Plots/SouthCascadeGlacierMap.pdf  used on input line 121.
(pdftex.def)             Requested size: 345.0pt x 345.0058pt.

LaTeX Warning: `!h' float specifier changed to `!ht'.



[4]

LaTeX Warning: `!h' float specifier changed to `!ht'.



[5 <./Plots/SouthCascadeGlacierMap.pdf>]

[6]

[7

]
Overfull \hbox (5.96916pt too wide) detected at line 244
[]\OML/cmm/m/it/10 b[] \OT1/cmr/m/n/10 = \OML/cmm/m/it/10 P \OMS/cmsy/m/n/10 ^^C \OML/cmm/m/it/10  \OMS/cmsy/m/n/10 ^^C \OT1/cmr/m/n/10 ([][] + ((\OML/cmm/m/it/10 Y \OMS/cmsy/m/n/10 ^^@ \OT1/cmr/m/n/10 1984)\OML/cmm/m/it/10 =\OT1/cmr/m/n/10 (2024 \OMS/cmsy/m/n/10 ^^@ \OT1/cmr/m/n/10 1984)) \OMS/cmsy/m/n/10 ^^C \OT1/cmr/m/n/10 ([][] \OMS/cmsy/m/n/10 ^^@ [][]\OT1/cmr/m/n/10 ))
 []



[8]

[9]
Overfull \hbox (29.97522pt too wide) detected at line 302
\OML/cmm/m/it/10 O \OT1/cmr/m/n/10 = []\OML/cmm/m/it/10 ;  S \OT1/cmr/m/n/10 = []
 []

<Plots/1958_glacier_comparison.png, id=161, 419.166pt x 327.3831pt>
File: Plots/1958_glacier_comparison.png Graphic file (type png)
<use Plots/1958_glacier_comparison.png>
Package pdftex.def Info: Plots/1958_glacier_comparison.png  used on input line 308.
(pdftex.def)             Requested size: 169.0519pt x 132.03493pt.
<Plots/1986_glacier_comparison.png, id=162, 419.166pt x 327.3831pt>
File: Plots/1986_glacier_comparison.png Graphic file (type png)
<use Plots/1986_glacier_comparison.png>
Package pdftex.def Info: Plots/1986_glacier_comparison.png  used on input line 314.
(pdftex.def)             Requested size: 169.0519pt x 132.03493pt.

LaTeX Warning: `h' float specifier changed to `ht'.



[10]
<Plots/winter_mb_compare.png, id=166, 597.52837pt x 395.46144pt>
File: Plots/winter_mb_compare.png Graphic file (type png)
<use Plots/winter_mb_compare.png>
Package pdftex.def Info: Plots/winter_mb_compare.png  used on input line 339.
(pdftex.def)             Requested size: 169.0519pt x 111.88098pt.
<Plots/summer_mb_compare.png, id=167, 605.91168pt x 395.46144pt>
File: Plots/summer_mb_compare.png Graphic file (type png)
<use Plots/summer_mb_compare.png>
Package pdftex.def Info: Plots/summer_mb_compare.png  used on input line 346.
(pdftex.def)             Requested size: 169.0519pt x 110.33018pt.


LaTeX Warning: `h' float specifier changed to `ht'.



[11 <./Plots/1958_glacier_comparison.png> <./Plots/1986_glacier_comparison.png>]
Overfull \hbox (0.68686pt too wide) in paragraph at lines 356--377
 \OT1/cmr/bx/n/10 Avalance Per-cent-age Cal-i-bra-tion[] \OT1/cmr/m/n/10 The avalanche per-cent-age was op-ti-mized
 []



[12 <./Plots/winter_mb_compare.png> <./Plots/summer_mb_compare.png>]
<Plots/calc_vs_measured.png, id=178, 690.1785pt x 364.9635pt>
File: Plots/calc_vs_measured.png Graphic file (type png)
<use Plots/calc_vs_measured.png>
Package pdftex.def Info: Plots/calc_vs_measured.png  used on input line 420.
(pdftex.def)             Requested size: 345.0pt x 182.43674pt.


LaTeX Warning: `!h' float specifier changed to `!ht'.



[13]
<Plots/oggm_vs_measured.png, id=183, 633.8079pt x 420.6114pt>
File: Plots/oggm_vs_measured.png Graphic file (type png)
<use Plots/oggm_vs_measured.png>
Package pdftex.def Info: Plots/oggm_vs_measured.png  used on input line 431.
(pdftex.def)             Requested size: 345.0pt x 228.9559pt.


LaTeX Warning: `!h' float specifier changed to `!ht'.



[14 <./Plots/calc_vs_measured.png>]
<Plots/oggm_vs_calculated.png, id=188, 879.7668pt x 409.0482pt>
File: Plots/oggm_vs_calculated.png Graphic file (type png)
<use Plots/oggm_vs_calculated.png>
Package pdftex.def Info: Plots/oggm_vs_calculated.png  used on input line 447.
(pdftex.def)             Requested size: 448.50105pt x 208.53067pt.

Overfull \hbox (103.50105pt too wide) in paragraph at lines 447--448
[][] 
 []


LaTeX Warning: `!h' float specifier changed to `!ht'.



[15 <./Plots/oggm_vs_measured.png>]

[16 <./Plots/oggm_vs_calculated.png>]
<Plots/percent_glac_melt_month.png, id=197, 608.5134pt x 430.0065pt>
File: Plots/percent_glac_melt_month.png Graphic file (type png)
<use Plots/percent_glac_melt_month.png>
Package pdftex.def Info: Plots/percent_glac_melt_month.png  used on input line 525.
(pdftex.def)             Requested size: 345.0pt x 243.79398pt.


[17]
<Plots/monthly_precip.png, id=201, 411.939pt x 363.5181pt>
File: Plots/monthly_precip.png Graphic file (type png)
<use Plots/monthly_precip.png>
Package pdftex.def Info: Plots/monthly_precip.png  used on input line 533.
(pdftex.def)             Requested size: 345.0pt x 304.44344pt.


LaTeX Warning: `h' float specifier changed to `ht'.



[18 <./Plots/percent_glac_melt_month.png>]

[19 <./Plots/monthly_precip.png>]

[20]

[21]
Underfull \hbox (badness 1024) in paragraph at lines 666--667
\OT1/cmr/m/n/10 stochas-tic stream-flow gen-er-a-tor. Earth's Fu-ture, 12, e2023EF004238.
 []


Underfull \hbox (badness 3977) in paragraph at lines 670--671
[]\OT1/cmr/m/n/10 GlaThiDa Con-sor-tium (2020): Glacier Thick-ness Database 3.1.0.
 []


Underfull \hbox (badness 10000) in paragraph at lines 670--671
\OT1/cmr/m/n/10 World Glacier Mon-i-tor-ing Ser-vice, Zurich, Switzer-land. DOI:
 []



[22]

[23] (./Thesis.aux)
 ***********
LaTeX2e <2024-11-01> patch level 1
L3 programming layer <2024-12-25>
 ***********
 ) 
Here is how much of TeX's memory you used:
 4191 strings out of 473207
 72474 string characters out of 5720461
 469583 words of memory out of 5000000
 27421 multiletter control sequences out of 15000+600000
 564519 words of font info for 56 fonts, out of 8000000 for 9000
 1141 hyphenation exceptions out of 8191
 67i,15n,77p,465b,495s stack positions out of 10000i,1000n,20000p,200000b,200000s
<c:/texlive/2024/texmf-dist/fonts/type1/public/amsfonts/cm/cmbx10.pfb><c:/texlive/2024/texmf-dist/fonts/type1/public/amsfonts/cm/cmbx12.pfb><c:/texlive/2024/texmf-dist/fonts/type1/public/amsfonts/cm/cmex10.pfb><c:/texlive/2024/texmf-dist/fonts/type1/public/amsfonts/cm/cmmi10.pfb><c:/texlive/2024/texmf-dist/fonts/type1/public/amsfonts/cm/cmmi5.pfb><c:/texlive/2024/texmf-dist/fonts/type1/public/amsfonts/cm/cmmi7.pfb><c:/texlive/2024/texmf-dist/fonts/type1/public/amsfonts/cm/cmr10.pfb><c:/texlive/2024/texmf-dist/fonts/type1/public/amsfonts/cm/cmr17.pfb><c:/texlive/2024/texmf-dist/fonts/type1/public/amsfonts/cm/cmr7.pfb><c:/texlive/2024/texmf-dist/fonts/type1/public/amsfonts/cm/cmr9.pfb><c:/texlive/2024/texmf-dist/fonts/type1/public/amsfonts/cm/cmsy10.pfb><c:/texlive/2024/texmf-dist/fonts/type1/public/amsfonts/cm/cmsy7.pfb>
Output written on Thesis.pdf (23 pages, 4290904 bytes).
PDF statistics:
 274 PDF objects out of 1000 (max. 8388607)
 181 compressed objects within 2 object streams
 0 named destinations out of 1000 (max. 500000)
 61 words of extra memory for PDF output out of 10000 (max. 10000000)

